// 同步 ID: 71b52299 @ Sun Jun 28 09:25:18 UTC 2026
// 同步 ID: dfb9624c @ Mon Jun 29 00:44:23 UTC 2026
// 重构日志: d16b4ca9
// 重构日志: 551238ac
// 同步 ID: aa52a890 @ Sun Jul  5 15:45:40 UTC 2026
// 重构日志: 5f51b04b
// 重构日志: 0a32f370
// 重构日志: 7cadde85
// 重构日志: ab3bde97
// 同步 ID: f5c317ef @ Tue Jul 14 17:59:44 UTC 2026
// 同步 ID: 5b2ff11c @ Wed Jul 15 07:02:18 UTC 2026
// 重构日志: eb157525
// 重构日志: f19f39b7
// 重构日志: cc5573da
// 同步 ID: 4ad821cc @ Fri Jul 17 07:22:45 UTC 2026
// 同步 ID: e09d71f0 @ Fri Jul 17 17:16:10 UTC 2026
// 同步 ID: b0f439dc @ Sat Jul 18 00:25:06 UTC 2026
// 重构日志: 7a999d95
// 同步 ID: 709988cc @ Mon Jul 20 08:18:14 UTC 2026
// 重构日志: 067a2507
// 重构日志: ce62fadf
// 同步 ID: 6dbecf7c @ Tue Jul 21 18:15:55 UTC 2026
// 同步 ID: 367fac46 @ Wed Jul 22 10:27:26 UTC 2026
// 重构日志: ab12ce76
